<?xml version="1.0" encoding="UTF-8"?>
<testsuite name="mx.com.gm.HolaSpringApplicationTests" tests="1" skipped="0" failures="0" errors="0" timestamp="2021-03-03T20:22:58" hostname="christians-mbp.lan" time="0.523">
  <properties/>
  <testcase name="contextLoads()" classname="mx.com.gm.HolaSpringApplicationTests" time="0.523"/>
  <system-out><![CDATA[14:22:54.747 [Test worker] DEBUG org.springframework.test.context.BootstrapUtils - Instantiating CacheAwareContextLoaderDelegate from class [org.springframework.test.context.cache.DefaultCacheAwareContextLoaderDelegate]
14:22:54.774 [Test worker] DEBUG org.springframework.test.context.BootstrapUtils - Instantiating BootstrapContext using constructor [public org.springframework.test.context.support.DefaultBootstrapContext(java.lang.Class,org.springframework.test.context.CacheAwareContextLoaderDelegate)]
14:22:54.842 [Test worker] DEBUG org.springframework.test.context.BootstrapUtils - Instantiating TestContextBootstrapper for test class [mx.com.gm.HolaSpringApplicationTests] from class [org.springframework.boot.test.context.SpringBootTestContextBootstrapper]
14:22:54.859 [Test worker] INFO org.springframework.boot.test.context.SpringBootTestContextBootstrapper - Neither @ContextConfiguration nor @ContextHierarchy found for test class [mx.com.gm.HolaSpringApplicationTests], using SpringBootContextLoader
14:22:54.877 [Test worker] DEBUG org.springframework.test.context.support.AbstractContextLoader - Did not detect default resource location for test class [mx.com.gm.HolaSpringApplicationTests]: class path resource [mx/com/gm/HolaSpringApplicationTests-context.xml] does not exist
14:22:54.878 [Test worker] DEBUG org.springframework.test.context.support.AbstractContextLoader - Did not detect default resource location for test class [mx.com.gm.HolaSpringApplicationTests]: class path resource [mx/com/gm/HolaSpringApplicationTestsContext.groovy] does not exist
14:22:54.879 [Test worker] INFO org.springframework.test.context.support.AbstractContextLoader - Could not detect default resource locations for test class [mx.com.gm.HolaSpringApplicationTests]: no resource found for suffixes {-context.xml, Context.groovy}.
14:22:54.880 [Test worker] INFO org.springframework.test.context.support.AnnotationConfigContextLoaderUtils - Could not detect default configuration classes for test class [mx.com.gm.HolaSpringApplicationTests]: HolaSpringApplicationTests does not declare any static, non-private, non-final, nested classes annotated with @Configuration.
14:22:54.949 [Test worker] DEBUG org.springframework.test.context.support.ActiveProfilesUtils - Could not find an 'annotation declaring class' for annotation type [org.springframework.test.context.ActiveProfiles] and class [mx.com.gm.HolaSpringApplicationTests]
14:22:55.077 [Test worker] DEBUG org.springframework.context.annotation.ClassPathScanningCandidateComponentProvider - Identified candidate component class: file [/Users/chris/Documents/Labs/HolaSpring/build/classes/java/main/mx/com/gm/HolaSpringApplication.class]
14:22:55.078 [Test worker] INFO org.springframework.boot.test.context.SpringBootTestContextBootstrapper - Found @SpringBootConfiguration mx.com.gm.HolaSpringApplication for test class mx.com.gm.HolaSpringApplicationTests
14:22:55.311 [Test worker] DEBUG org.springframework.boot.test.context.SpringBootTestContextBootstrapper - @TestExecutionListeners is not present for class [mx.com.gm.HolaSpringApplicationTests]: using defaults.
14:22:55.312 [Test worker] INFO org.springframework.boot.test.context.SpringBootTestContextBootstrapper - Loaded default TestExecutionListener class names from location [META-INF/spring.factories]: [org.springframework.boot.test.autoconfigure.restdocs.RestDocsTestExecutionListener, org.springframework.boot.test.autoconfigure.web.client.MockRestServiceServerResetTestExecutionListener, org.springframework.boot.test.autoconfigure.web.servlet.MockMvcPrintOnlyOnFailureTestExecutionListener, org.springframework.boot.test.autoconfigure.web.servlet.WebDriverTestExecutionListener, org.springframework.boot.test.autoconfigure.webservices.client.MockWebServiceServerTestExecutionListener, org.springframework.boot.test.mock.mockito.MockitoTestExecutionListener, org.springframework.boot.test.mock.mockito.ResetMocksTestExecutionListener, org.springframework.test.context.web.ServletTestExecutionListener, org.springframework.test.context.support.DirtiesContextBeforeModesTestExecutionListener, org.springframework.test.context.event.ApplicationEventsTestExecutionListener, org.springframework.test.context.support.DependencyInjectionTestExecutionListener, org.springframework.test.context.support.DirtiesContextTestExecutionListener, org.springframework.test.context.transaction.TransactionalTestExecutionListener, org.springframework.test.context.jdbc.SqlScriptsTestExecutionListener, org.springframework.test.context.event.EventPublishingTestExecutionListener]
14:22:55.331 [Test worker] DEBUG org.springframework.boot.test.context.SpringBootTestContextBootstrapper - Skipping candidate TestExecutionListener [org.springframework.test.context.transaction.TransactionalTestExecutionListener] due to a missing dependency. Specify custom listener classes or make the default listener classes and their required dependencies available. Offending class: [org/springframework/transaction/TransactionDefinition]
14:22:55.332 [Test worker] DEBUG org.springframework.boot.test.context.SpringBootTestContextBootstrapper - Skipping candidate TestExecutionListener [org.springframework.test.context.jdbc.SqlScriptsTestExecutionListener] due to a missing dependency. Specify custom listener classes or make the default listener classes and their required dependencies available. Offending class: [org/springframework/transaction/interceptor/TransactionAttribute]
14:22:55.333 [Test worker] INFO org.springframework.boot.test.context.SpringBootTestContextBootstrapper - Using TestExecutionListeners: [org.springframework.test.context.web.ServletTestExecutionListener@b39fd50, org.springframework.test.context.support.DirtiesContextBeforeModesTestExecutionListener@5a09a6, org.springframework.test.context.event.ApplicationEventsTestExecutionListener@5bbcb1a5, org.springframework.boot.test.mock.mockito.MockitoTestExecutionListener@71f15fc5, org.springframework.boot.test.autoconfigure.SpringBootDependencyInjectionTestExecutionListener@3566efd6, org.springframework.test.context.support.DirtiesContextTestExecutionListener@65a1d7e5, org.springframework.test.context.event.EventPublishingTestExecutionListener@5b2e736d, org.springframework.boot.test.autoconfigure.restdocs.RestDocsTestExecutionListener@205a10ba, org.springframework.boot.test.autoconfigure.web.client.MockRestServiceServerResetTestExecutionListener@22c04338, org.springframework.boot.test.autoconfigure.web.servlet.MockMvcPrintOnlyOnFailureTestExecutionListener@49b5a67a, org.springframework.boot.test.autoconfigure.web.servlet.WebDriverTestExecutionListener@61a8013a, org.springframework.boot.test.autoconfigure.webservices.client.MockWebServiceServerTestExecutionListener@11070275, org.springframework.boot.test.mock.mockito.ResetMocksTestExecutionListener@31fe4aee]
14:22:55.338 [Test worker] DEBUG org.springframework.test.context.support.AbstractDirtiesContextTestExecutionListener - Before test class: context [DefaultTestContext@3cf3c1e6 testClass = HolaSpringApplicationTests, testInstance = [null], testMethod = [null], testException = [null], mergedContextConfiguration = [WebMergedContextConfiguration@6762a58a testClass = HolaSpringApplicationTests, locations = '{}', classes = '{class mx.com.gm.HolaSpringApplication}', contextInitializerClasses = '[]', activeProfiles = '{}', propertySourceLocations = '{}', propertySourceProperties = '{org.springframework.boot.test.context.SpringBootTestContextBootstrapper=true}', contextCustomizers = set[org.springframework.boot.test.autoconfigure.actuate.metrics.MetricsExportContextCustomizerFactory$DisableMetricExportContextCustomizer@61cbec97, org.springframework.boot.test.autoconfigure.properties.PropertyMappingContextCustomizer@0, org.springframework.boot.test.autoconfigure.web.servlet.WebDriverContextCustomizerFactory$Customizer@1a62adfb, org.springframework.boot.test.context.filter.ExcludeFilterContextCustomizer@2bfc5fed, org.springframework.boot.test.json.DuplicateJsonObjectContextCustomizerFactory$DuplicateJsonObjectContextCustomizer@4e58d29e, org.springframework.boot.test.mock.mockito.MockitoContextCustomizer@0, org.springframework.boot.test.web.client.TestRestTemplateContextCustomizer@66a1c4b5, org.springframework.boot.test.context.SpringBootTestArgs@1, org.springframework.boot.test.context.SpringBootTestWebEnvironment@38b7104c], resourceBasePath = 'src/main/webapp', contextLoader = 'org.springframework.boot.test.context.SpringBootContextLoader', parent = [null]], attributes = map['org.springframework.test.context.web.ServletTestExecutionListener.activateListener' -> true]], class annotated with @DirtiesContext [false] with mode [null].
14:22:55.399 [Test worker] DEBUG org.springframework.test.context.support.TestPropertySourceUtils - Adding inlined properties to environment: {spring.jmx.enabled=false, org.springframework.boot.test.context.SpringBootTestContextBootstrapper=true}

  .   ____          _            __ _ _
 /\\ / ___'_ __ _ _(_)_ __  __ _ \ \ \ \
( ( )\___ | '_ | '_| | '_ \/ _` | \ \ \ \
 \\/  ___)| |_)| | | | | || (_| |  ) ) ) )
  '  |____| .__|_| |_|_| |_\__, | / / / /
 =========|_|==============|___/=/_/_/_/
 :: Spring Boot ::                (v2.4.3)

2021-03-03 14:22:55.952  INFO 1431 --- [    Test worker] mx.com.gm.HolaSpringApplicationTests     : Starting HolaSpringApplicationTests using Java 11.0.10 on christians-mbp.lan with PID 1431 (started by chris in /Users/chris/Documents/Labs/HolaSpring)
2021-03-03 14:22:55.956  INFO 1431 --- [    Test worker] mx.com.gm.HolaSpringApplicationTests     : No active profile set, falling back to default profiles: default
2021-03-03 14:22:57.932  INFO 1431 --- [    Test worker] o.s.s.concurrent.ThreadPoolTaskExecutor  : Initializing ExecutorService 'applicationTaskExecutor'
2021-03-03 14:22:58.458  INFO 1431 --- [    Test worker] mx.com.gm.HolaSpringApplicationTests     : Started HolaSpringApplicationTests in 3.044 seconds (JVM running for 5.354)
]]></system-out>
  <system-err><![CDATA[]]></system-err>
</testsuite>
